  SampleGUI.cpp
c:\program files (x86)\microsoft visual studio\2017\professional\vc\tools\msvc\14.16.27023\include\xmemory0(879): error C2259: IBaseGUIElement: невозможно создать экземпляр абстрактного класса
  c:\program files (x86)\microsoft visual studio\2017\professional\vc\tools\msvc\14.16.27023\include\xmemory0(879): note: из-за следующих членов:
  c:\program files (x86)\microsoft visual studio\2017\professional\vc\tools\msvc\14.16.27023\include\xmemory0(879): note: void IBaseGUIElement::Create(int,int,int,int): абстрактный
  e:\github\specialforkikker228\opengl_ui_sample\opengl\samplegui.h(37): note:  см. объявление "IBaseGUIElement::Create"
  c:\program files (x86)\microsoft visual studio\2017\professional\vc\tools\msvc\14.16.27023\include\xmemory0(879): note: void IBaseGUIElement::MouseMove(int,int): абстрактный
  e:\github\specialforkikker228\opengl_ui_sample\opengl\samplegui.h(38): note:  см. объявление "IBaseGUIElement::MouseMove"
  c:\program files (x86)\microsoft visual studio\2017\professional\vc\tools\msvc\14.16.27023\include\xmemory0(879): note: void IBaseGUIElement::MouseClick(int,int,int): абстрактный
  e:\github\specialforkikker228\opengl_ui_sample\opengl\samplegui.h(39): note:  см. объявление "IBaseGUIElement::MouseClick"
  c:\program files (x86)\microsoft visual studio\2017\professional\vc\tools\msvc\14.16.27023\include\xmemory0(879): note: void IBaseGUIElement::Shutdown(void): абстрактный
  e:\github\specialforkikker228\opengl_ui_sample\opengl\samplegui.h(40): note:  см. объявление "IBaseGUIElement::Shutdown"
  c:\program files (x86)\microsoft visual studio\2017\professional\vc\tools\msvc\14.16.27023\include\xmemory0(879): note: void IBaseGUIElement::Render(void): абстрактный
  e:\github\specialforkikker228\opengl_ui_sample\opengl\samplegui.h(41): note:  см. объявление "IBaseGUIElement::Render"
  c:\program files (x86)\microsoft visual studio\2017\professional\vc\tools\msvc\14.16.27023\include\vector(900): note: выполняется компиляция ссылки на экземпляр шаблон функции "void std::_Default_allocator_traits<_Alloc>::construct<_Ty,const _Ty&>(_Alloc &,_Objty *const ,const _Ty &)"
          with
          [
              _Alloc=std::allocator<IBaseGUIElement>,
              _Ty=IBaseGUIElement,
              _Objty=IBaseGUIElement
          ]
  c:\program files (x86)\microsoft visual studio\2017\professional\vc\tools\msvc\14.16.27023\include\vector(902): note: выполняется компиляция ссылки на экземпляр шаблон функции "void std::_Default_allocator_traits<_Alloc>::construct<_Ty,const _Ty&>(_Alloc &,_Objty *const ,const _Ty &)"
          with
          [
              _Alloc=std::allocator<IBaseGUIElement>,
              _Ty=IBaseGUIElement,
              _Objty=IBaseGUIElement
          ]
  c:\program files (x86)\microsoft visual studio\2017\professional\vc\tools\msvc\14.16.27023\include\vector(916): note: выполняется компиляция ссылки на экземпляр шаблон функции "void std::vector<IBaseGUIElement,std::allocator<_Ty>>::_Emplace_back_with_unused_capacity<const _Ty&>(const _Ty &)"
          with
          [
              _Ty=IBaseGUIElement
          ]
  c:\program files (x86)\microsoft visual studio\2017\professional\vc\tools\msvc\14.16.27023\include\vector(932): note: выполняется компиляция ссылки на экземпляр шаблон функции "void std::vector<IBaseGUIElement,std::allocator<_Ty>>::emplace_back<const _Ty&>(const _Ty &)"
          with
          [
              _Ty=IBaseGUIElement
          ]
  c:\program files (x86)\microsoft visual studio\2017\professional\vc\tools\msvc\14.16.27023\include\vector(931): note: при компиляции функции-члена "<Нет данных>" класса класс <Нет данных>
  e:\github\specialforkikker228\opengl_ui_sample\opengl\samplegui.h(51): note: выполняется компиляция ссылки на экземпляр шаблон функции "void std::vector<IBaseGUIElement,std::allocator<_Ty>>::push_back(const _Ty &)"
          with
          [
              _Ty=IBaseGUIElement
          ]
  e:\github\specialforkikker228\opengl_ui_sample\opengl\samplegui.h(32): note: выполняется компиляция ссылки на экземпляр шаблон класс "std::vector<IBaseGUIElement,std::allocator<_Ty>>"
          with
          [
              _Ty=IBaseGUIElement
          ]
