  main.cpp
e:\github\specialforkikker228\utilites\glmath.h(83): warning C4244: инициализация: преобразование "int" в "float", возможна потеря данных
e:\github\specialforkikker228\utilites\glmath.h(152): warning C4244: инициализация: преобразование "float" в "int", возможна потеря данных
e:\github\specialforkikker228\utilites\utmath.h(167): warning C4244: инициализация: преобразование "int" в "float", возможна потеря данных
e:\github\specialforkikker228\utilites\utmath.h(173): warning C4244: аргумент: преобразование "int" в "GLfloat", возможна потеря данных
e:\github\specialforkikker228\utilites\utmath.h(174): warning C4244: аргумент: преобразование "int" в "GLfloat", возможна потеря данных
e:\github\specialforkikker228\utilites\utmath.h(177): warning C4244: аргумент: преобразование "int" в "GLfloat", возможна потеря данных
e:\github\specialforkikker228\utilites\utmath.h(178): warning C4244: аргумент: преобразование "int" в "GLfloat", возможна потеря данных
e:\github\specialforkikker228\utilites\utmath.h(236): warning C4244: аргумент: преобразование "int" в "GLfloat", возможна потеря данных
e:\github\specialforkikker228\utilites\utmath.h(237): warning C4244: аргумент: преобразование "int" в "GLfloat", возможна потеря данных
e:\github\specialforkikker228\utilites\utmath.h(238): warning C4244: аргумент: преобразование "int" в "GLfloat", возможна потеря данных
e:\github\specialforkikker228\utilites\utmath.h(239): warning C4244: аргумент: преобразование "int" в "GLfloat", возможна потеря данных
e:\github\specialforkikker228\utilites\utmath.h(243): warning C4244: аргумент: преобразование "int" в "GLfloat", возможна потеря данных
e:\github\specialforkikker228\utilites\utmath.h(244): warning C4244: аргумент: преобразование "int" в "GLfloat", возможна потеря данных
e:\github\specialforkikker228\utilites\utmath.h(245): warning C4244: аргумент: преобразование "int" в "GLfloat", возможна потеря данных
e:\github\specialforkikker228\utilites\utmath.h(246): warning C4244: аргумент: преобразование "int" в "GLfloat", возможна потеря данных
e:\github\specialforkikker228\utilites\utmath.h(250): warning C4244: аргумент: преобразование "int" в "GLfloat", возможна потеря данных
e:\github\specialforkikker228\utilites\utmath.h(251): warning C4244: аргумент: преобразование "int" в "GLfloat", возможна потеря данных
e:\github\specialforkikker228\utilites\utmath.h(253): warning C4244: аргумент: преобразование "int" в "GLfloat", возможна потеря данных
e:\github\specialforkikker228\utilites\utmath.h(254): warning C4244: аргумент: преобразование "int" в "GLfloat", возможна потеря данных
e:\github\specialforkikker228\utilites\utmath.h(256): warning C4244: аргумент: преобразование "int" в "GLfloat", возможна потеря данных
e:\github\specialforkikker228\utilites\utmath.h(257): warning C4244: аргумент: преобразование "int" в "GLfloat", возможна потеря данных
e:\github\specialforkikker228\utilites\utmath.h(259): warning C4244: аргумент: преобразование "int" в "GLfloat", возможна потеря данных
e:\github\specialforkikker228\utilites\utmath.h(260): warning C4244: аргумент: преобразование "int" в "GLfloat", возможна потеря данных
  march_cube.vcxproj -> E:\GITHUB\SpecialForKikker228\terrains_and_voxels\marchingcubes\march_cube\Debug\march_cube.exe
